# JRE version: OpenJDK Runtime Environment (17.0.6) (build 17.0.6+0-b2043.56-10027231)
# Java VM: OpenJDK 64-Bit Server VM (17.0.6+0-b2043.56-10027231, mixed mode, tiered, compressed oops, compressed class ptrs, g1 gc, windows-amd64)
GC Precious Log:
 CPUs: 16 total, 16 available
 Memory: 15693M
 Large Page Support: Disabled
 NUMA Support: Disabled
 Compressed Oops: Enabled (32-bit)
 Heap Region Size: 1M
 Heap Min Capacity: 8M
 Heap Initial Capacity: 246M
 Heap Max Capacity: 2G
 Pre-touch: Disabled
 Parallel Workers: 13
 Concurrent Workers: 3
 Concurrent Refinement Workers: 13
 Periodic GC: Disabled
Heap:
 garbage-first heap   total 251904K, used 139726K [0x0000000080000000, 0x0000000100000000)
  region size 1024K, 2 young (2048K), 2 survivors (2048K)
 Metaspace       used 102793K, committed 103488K, reserved 1138688K
  class space    used 14655K, committed 14976K, reserved 1048576K
GC Heap History (20 events):
Event: 12.738 GC heap after
{Heap after GC invocations=39 (full 0):
 garbage-first heap   total 141312K, used 77690K [0x0000000080000000, 0x0000000100000000)
  region size 1024K, 1 young (1024K), 1 survivors (1024K)
 Metaspace       used 90839K, committed 91520K, reserved 1130496K
  class space    used 12532K, committed 12864K, reserved 1048576K
}
Event: 13.269 GC heap before
{Heap before GC invocations=39 (full 0):
 garbage-first heap   total 141312K, used 113530K [0x0000000080000000, 0x0000000100000000)
  region size 1024K, 37 young (37888K), 1 survivors (1024K)
 Metaspace       used 91326K, committed 92032K, reserved 1130496K
  class space    used 12579K, committed 12928K, reserved 1048576K
}
Event: 13.273 GC heap after
{Heap after GC invocations=40 (full 0):
 garbage-first heap   total 141312K, used 80337K [0x0000000080000000, 0x0000000100000000)
  region size 1024K, 4 young (4096K), 4 survivors (4096K)
 Metaspace       used 91326K, committed 92032K, reserved 1130496K
  class space    used 12579K, committed 12928K, reserved 1048576K
}
Event: 13.689 GC heap before
{Heap before GC invocations=41 (full 0):
 garbage-first heap   total 155648K, used 114129K [0x0000000080000000, 0x0000000100000000)
  region size 1024K, 38 young (38912K), 4 survivors (4096K)
 Metaspace       used 91655K, committed 92352K, reserved 1130496K
  class space    used 12599K, committed 12928K, reserved 1048576K
}
Event: 13.693 GC heap after
{Heap after GC invocations=42 (full 0):
 garbage-first heap   total 155648K, used 82547K [0x0000000080000000, 0x0000000100000000)
  region size 1024K, 3 young (3072K), 3 survivors (3072K)
 Metaspace       used 91655K, committed 92352K, reserved 1130496K
  class space    used 12599K, committed 12928K, reserved 1048576K
}
Event: 13.720 GC heap before
{Heap before GC invocations=42 (full 0):
 garbage-first heap   total 155648K, used 85619K [0x0000000080000000, 0x0000000100000000)
  region size 1024K, 7 young (7168K), 3 survivors (3072K)
 Metaspace       used 91663K, committed 92352K, reserved 1130496K
  class space    used 12599K, committed 12928K, reserved 1048576K
}
Event: 13.724 GC heap after
{Heap after GC invocations=43 (full 0):
 garbage-first heap   total 203776K, used 82581K [0x0000000080000000, 0x0000000100000000)
  region size 1024K, 1 young (1024K), 1 survivors (1024K)
 Metaspace       used 91663K, committed 92352K, reserved 1130496K
  class space    used 12599K, committed 12928K, reserved 1048576K
}
Event: 14.165 GC heap before
{Heap before GC invocations=43 (full 0):
 garbage-first heap   total 203776K, used 161429K [0x0000000080000000, 0x0000000100000000)
  region size 1024K, 79 young (80896K), 1 survivors (1024K)
 Metaspace       used 93066K, committed 93760K, reserved 1130496K
  class space    used 12908K, committed 13248K, reserved 1048576K
}
Event: 14.170 GC heap after
{Heap after GC invocations=44 (full 0):
 garbage-first heap   total 203776K, used 95232K [0x0000000080000000, 0x0000000100000000)
  region size 1024K, 10 young (10240K), 10 survivors (10240K)
 Metaspace       used 93066K, committed 93760K, reserved 1130496K
  class space    used 12908K, committed 13248K, reserved 1048576K
}
Event: 14.890 GC heap before
{Heap before GC invocations=44 (full 0):
 garbage-first heap   total 203776K, used 155648K [0x0000000080000000, 0x0000000100000000)
  region size 1024K, 70 young (71680K), 10 survivors (10240K)
 Metaspace       used 97945K, committed 98560K, reserved 1138688K
  class space    used 13704K, committed 14016K, reserved 1048576K
}
Event: 14.899 GC heap after
{Heap after GC invocations=45 (full 0):
 garbage-first heap   total 203776K, used 104072K [0x0000000080000000, 0x0000000100000000)
  region size 1024K, 9 young (9216K), 9 survivors (9216K)
 Metaspace       used 97945K, committed 98560K, reserved 1138688K
  class space    used 13704K, committed 14016K, reserved 1048576K
}
Event: 15.247 GC heap before
{Heap before GC invocations=45 (full 0):
 garbage-first heap   total 203776K, used 157320K [0x0000000080000000, 0x0000000100000000)
  region size 1024K, 62 young (63488K), 9 survivors (9216K)
 Metaspace       used 99286K, committed 99968K, reserved 1138688K
  class space    used 13988K, committed 14272K, reserved 1048576K
}
Event: 15.259 GC heap after
{Heap after GC invocations=46 (full 0):
 garbage-first heap   total 203776K, used 115447K [0x0000000080000000, 0x0000000100000000)
  region size 1024K, 8 young (8192K), 8 survivors (8192K)
 Metaspace       used 99286K, committed 99968K, reserved 1138688K
  class space    used 13988K, committed 14272K, reserved 1048576K
}
Event: 15.631 GC heap before
{Heap before GC invocations=46 (full 0):
 garbage-first heap   total 203776K, used 160503K [0x0000000080000000, 0x0000000100000000)
  region size 1024K, 53 young (54272K), 8 survivors (8192K)
 Metaspace       used 102015K, committed 102720K, reserved 1138688K
  class space    used 14409K, committed 14720K, reserved 1048576K
}
Event: 15.641 GC heap after
{Heap after GC invocations=47 (full 0):
 garbage-first heap   total 203776K, used 123798K [0x0000000080000000, 0x0000000100000000)
  region size 1024K, 7 young (7168K), 7 survivors (7168K)
 Metaspace       used 102015K, committed 102720K, reserved 1138688K
  class space    used 14409K, committed 14720K, reserved 1048576K
}
Event: 15.746 GC heap before
{Heap before GC invocations=47 (full 0):
 garbage-first heap   total 203776K, used 164758K [0x0000000080000000, 0x0000000100000000)
  region size 1024K, 47 young (48128K), 7 survivors (7168K)
 Metaspace       used 102367K, committed 103104K, reserved 1138688K
  class space    used 14513K, committed 14848K, reserved 1048576K
}
Event: 15.755 GC heap after
{Heap after GC invocations=48 (full 0):
 garbage-first heap   total 203776K, used 131341K [0x0000000080000000, 0x0000000100000000)
  region size 1024K, 6 young (6144K), 6 survivors (6144K)
 Metaspace       used 102367K, committed 103104K, reserved 1138688K
  class space    used 14513K, committed 14848K, reserved 1048576K
}
Event: 15.904 GC heap before
{Heap before GC invocations=49 (full 0):
 garbage-first heap   total 225280K, used 166157K [0x0000000080000000, 0x0000000100000000)
  region size 1024K, 40 young (40960K), 6 survivors (6144K)
 Metaspace       used 102649K, committed 103360K, reserved 1138688K
  class space    used 14615K, committed 14912K, reserved 1048576K
}
Event: 15.912 GC heap after
{Heap after GC invocations=50 (full 0):
 garbage-first heap   total 225280K, used 138076K [0x0000000080000000, 0x0000000100000000)
  region size 1024K, 5 young (5120K), 5 survivors (5120K)
 Metaspace       used 102649K, committed 103360K, reserved 1138688K
  class space    used 14615K, committed 14912K, reserved 1048576K
}
Event: 15.950 GC heap before
{Heap before GC invocations=50 (full 0):
 garbage-first heap   total 225280K, used 144220K [0x0000000080000000, 0x0000000100000000)
  region size 1024K, 11 young (11264K), 5 survivors (5120K)
 Metaspace       used 102793K, committed 103488K, reserved 1138688K
  class space    used 14655K, committed 14976K, reserved 1048576K
}

