# JRE version: OpenJDK Runtime Environment (17.0.6) (build 17.0.6+0-b2043.56-10027231)
# Java VM: OpenJDK 64-Bit Server VM (17.0.6+0-b2043.56-10027231, mixed mode, tiered, compressed oops, compressed class ptrs, g1 gc, windows-amd64)
GC Precious Log:
 CPUs: 16 total, 16 available
 Memory: 15693M
 Large Page Support: Disabled
 NUMA Support: Disabled
 Compressed Oops: Enabled (32-bit)
 Heap Region Size: 1M
 Heap Min Capacity: 8M
 Heap Initial Capacity: 246M
 Heap Max Capacity: 2G
 Pre-touch: Disabled
 Parallel Workers: 13
 Concurrent Workers: 3
 Concurrent Refinement Workers: 13
 Periodic GC: Disabled
Heap:
 garbage-first heap   total 251904K, used 140064K [0x0000000080000000, 0x0000000100000000)
  region size 1024K, 6 young (6144K), 6 survivors (6144K)
 Metaspace       used 101151K, committed 101888K, reserved 1138688K
  class space    used 14335K, committed 14656K, reserved 1048576K
GC Heap History (20 events):
Event: 13.144 GC heap after
{Heap after GC invocations=26 (full 0):
 garbage-first heap   total 133120K, used 77604K [0x0000000080000000, 0x0000000100000000)
  region size 1024K, 1 young (1024K), 1 survivors (1024K)
 Metaspace       used 90760K, committed 91456K, reserved 1130496K
  class space    used 12534K, committed 12864K, reserved 1048576K
}
Event: 13.597 GC heap before
{Heap before GC invocations=26 (full 0):
 garbage-first heap   total 133120K, used 108324K [0x0000000080000000, 0x0000000100000000)
  region size 1024K, 32 young (32768K), 1 survivors (1024K)
 Metaspace       used 91129K, committed 91776K, reserved 1130496K
  class space    used 12570K, committed 12864K, reserved 1048576K
}
Event: 13.601 GC heap after
{Heap after GC invocations=27 (full 0):
 garbage-first heap   total 133120K, used 79811K [0x0000000080000000, 0x0000000100000000)
  region size 1024K, 3 young (3072K), 3 survivors (3072K)
 Metaspace       used 91129K, committed 91776K, reserved 1130496K
  class space    used 12570K, committed 12864K, reserved 1048576K
}
Event: 13.967 GC heap before
{Heap before GC invocations=28 (full 0):
 garbage-first heap   total 143360K, used 109507K [0x0000000080000000, 0x0000000100000000)
  region size 1024K, 33 young (33792K), 3 survivors (3072K)
 Metaspace       used 91447K, committed 92032K, reserved 1130496K
  class space    used 12589K, committed 12864K, reserved 1048576K
}
Event: 13.972 GC heap after
{Heap after GC invocations=29 (full 0):
 garbage-first heap   total 143360K, used 82198K [0x0000000080000000, 0x0000000100000000)
  region size 1024K, 5 young (5120K), 5 survivors (5120K)
 Metaspace       used 91447K, committed 92032K, reserved 1130496K
  class space    used 12589K, committed 12864K, reserved 1048576K
}
Event: 14.024 GC heap before
{Heap before GC invocations=29 (full 0):
 garbage-first heap   total 143360K, used 84246K [0x0000000080000000, 0x0000000100000000)
  region size 1024K, 7 young (7168K), 5 survivors (5120K)
 Metaspace       used 91535K, committed 92160K, reserved 1130496K
  class space    used 12604K, committed 12928K, reserved 1048576K
}
Event: 14.027 GC heap after
{Heap after GC invocations=30 (full 0):
 garbage-first heap   total 143360K, used 82459K [0x0000000080000000, 0x0000000100000000)
  region size 1024K, 1 young (1024K), 1 survivors (1024K)
 Metaspace       used 91535K, committed 92160K, reserved 1130496K
  class space    used 12604K, committed 12928K, reserved 1048576K
}
Event: 14.261 GC heap before
{Heap before GC invocations=30 (full 0):
 garbage-first heap   total 143360K, used 118299K [0x0000000080000000, 0x0000000100000000)
  region size 1024K, 37 young (37888K), 1 survivors (1024K)
 Metaspace       used 91752K, committed 92416K, reserved 1130496K
  class space    used 12609K, committed 12928K, reserved 1048576K
}
Event: 14.265 GC heap after
{Heap after GC invocations=31 (full 0):
 garbage-first heap   total 211968K, used 84160K [0x0000000080000000, 0x0000000100000000)
  region size 1024K, 3 young (3072K), 3 survivors (3072K)
 Metaspace       used 91752K, committed 92416K, reserved 1130496K
  class space    used 12609K, committed 12928K, reserved 1048576K
}
Event: 14.645 GC heap before
{Heap before GC invocations=32 (full 0):
 garbage-first heap   total 211968K, used 170176K [0x0000000080000000, 0x0000000100000000)
  region size 1024K, 88 young (90112K), 3 survivors (3072K)
 Metaspace       used 93400K, committed 94080K, reserved 1130496K
  class space    used 12954K, committed 13248K, reserved 1048576K
}
Event: 14.652 GC heap after
{Heap after GC invocations=33 (full 0):
 garbage-first heap   total 211968K, used 103026K [0x0000000080000000, 0x0000000100000000)
  region size 1024K, 11 young (11264K), 11 survivors (11264K)
 Metaspace       used 93400K, committed 94080K, reserved 1130496K
  class space    used 12954K, committed 13248K, reserved 1048576K
}
Event: 14.656 GC heap before
{Heap before GC invocations=33 (full 0):
 garbage-first heap   total 211968K, used 104050K [0x0000000080000000, 0x0000000100000000)
  region size 1024K, 12 young (12288K), 11 survivors (11264K)
 Metaspace       used 93471K, committed 94144K, reserved 1130496K
  class space    used 12958K, committed 13248K, reserved 1048576K
}
Event: 14.659 GC heap after
{Heap after GC invocations=34 (full 0):
 garbage-first heap   total 211968K, used 101081K [0x0000000080000000, 0x0000000100000000)
  region size 1024K, 2 young (2048K), 2 survivors (2048K)
 Metaspace       used 93471K, committed 94144K, reserved 1130496K
  class space    used 12958K, committed 13248K, reserved 1048576K
}
Event: 15.302 GC heap before
{Heap before GC invocations=34 (full 0):
 garbage-first heap   total 211968K, used 163545K [0x0000000080000000, 0x0000000100000000)
  region size 1024K, 64 young (65536K), 2 survivors (2048K)
 Metaspace       used 97837K, committed 98496K, reserved 1138688K
  class space    used 13693K, committed 14016K, reserved 1048576K
}
Event: 15.311 GC heap after
{Heap after GC invocations=35 (full 0):
 garbage-first heap   total 211968K, used 112480K [0x0000000080000000, 0x0000000100000000)
  region size 1024K, 8 young (8192K), 8 survivors (8192K)
 Metaspace       used 97837K, committed 98496K, reserved 1138688K
  class space    used 13693K, committed 14016K, reserved 1048576K
}
Event: 15.481 GC heap before
{Heap before GC invocations=35 (full 0):
 garbage-first heap   total 211968K, used 165728K [0x0000000080000000, 0x0000000100000000)
  region size 1024K, 61 young (62464K), 8 survivors (8192K)
 Metaspace       used 98318K, committed 99008K, reserved 1138688K
  class space    used 13760K, committed 14080K, reserved 1048576K
}
Event: 15.493 GC heap after
{Heap after GC invocations=36 (full 0):
 garbage-first heap   total 211968K, used 123812K [0x0000000080000000, 0x0000000100000000)
  region size 1024K, 8 young (8192K), 8 survivors (8192K)
 Metaspace       used 98318K, committed 99008K, reserved 1138688K
  class space    used 13760K, committed 14080K, reserved 1048576K
}
Event: 16.004 GC heap before
{Heap before GC invocations=36 (full 0):
 garbage-first heap   total 211968K, used 167844K [0x0000000080000000, 0x0000000100000000)
  region size 1024K, 52 young (53248K), 8 survivors (8192K)
 Metaspace       used 100806K, committed 101504K, reserved 1138688K
  class space    used 14292K, committed 14592K, reserved 1048576K
}
Event: 16.016 GC heap after
{Heap after GC invocations=37 (full 0):
 garbage-first heap   total 211968K, used 132096K [0x0000000080000000, 0x0000000100000000)
  region size 1024K, 7 young (7168K), 7 survivors (7168K)
 Metaspace       used 100806K, committed 101504K, reserved 1138688K
  class space    used 14292K, committed 14592K, reserved 1048576K
}
Event: 16.093 GC heap before
{Heap before GC invocations=37 (full 0):
 garbage-first heap   total 211968K, used 169984K [0x0000000080000000, 0x0000000100000000)
  region size 1024K, 45 young (46080K), 7 survivors (7168K)
 Metaspace       used 101151K, committed 101888K, reserved 1138688K
  class space    used 14335K, committed 14656K, reserved 1048576K
}

