# JRE version: OpenJDK Runtime Environment (17.0.6) (build 17.0.6+0-b2043.56-10027231)
# Java VM: OpenJDK 64-Bit Server VM (17.0.6+0-b2043.56-10027231, mixed mode, tiered, compressed oops, compressed class ptrs, g1 gc, windows-amd64)
GC Precious Log:
 CPUs: 16 total, 16 available
 Memory: 15693M
 Large Page Support: Disabled
 NUMA Support: Disabled
 Compressed Oops: Enabled (32-bit)
 Heap Region Size: 1M
 Heap Min Capacity: 8M
 Heap Initial Capacity: 246M
 Heap Max Capacity: 2G
 Pre-touch: Disabled
 Parallel Workers: 13
 Concurrent Workers: 3
 Concurrent Refinement Workers: 13
 Periodic GC: Disabled
Heap:
 garbage-first heap   total 251904K, used 174969K [0x0000000080000000, 0x0000000100000000)
  region size 1024K, 6 young (6144K), 6 survivors (6144K)
 Metaspace       used 117175K, committed 117952K, reserved 1155072K
  class space    used 16842K, committed 17216K, reserved 1048576K
GC Heap History (20 events):
Event: 17.308 GC heap after
{Heap after GC invocations=40 (full 0):
 garbage-first heap   total 249856K, used 87347K [0x0000000080000000, 0x0000000100000000)
  region size 1024K, 9 young (9216K), 9 survivors (9216K)
 Metaspace       used 100982K, committed 101696K, reserved 1138688K
  class space    used 13750K, committed 14080K, reserved 1048576K
}
Event: 17.866 GC heap before
{Heap before GC invocations=40 (full 0):
 garbage-first heap   total 249856K, used 199987K [0x0000000080000000, 0x0000000100000000)
  region size 1024K, 120 young (122880K), 9 survivors (9216K)
 Metaspace       used 101882K, committed 102656K, reserved 1138688K
  class space    used 13835K, committed 14208K, reserved 1048576K
}
Event: 17.873 GC heap after
{Heap after GC invocations=41 (full 0):
 garbage-first heap   total 249856K, used 90833K [0x0000000080000000, 0x0000000100000000)
  region size 1024K, 7 young (7168K), 7 survivors (7168K)
 Metaspace       used 101882K, committed 102656K, reserved 1138688K
  class space    used 13835K, committed 14208K, reserved 1048576K
}
Event: 18.316 GC heap before
{Heap before GC invocations=41 (full 0):
 garbage-first heap   total 249856K, used 203473K [0x0000000080000000, 0x0000000100000000)
  region size 1024K, 118 young (120832K), 7 survivors (7168K)
 Metaspace       used 102085K, committed 102784K, reserved 1138688K
  class space    used 13848K, committed 14208K, reserved 1048576K
}
Event: 18.321 GC heap after
{Heap after GC invocations=42 (full 0):
 garbage-first heap   total 249856K, used 91232K [0x0000000080000000, 0x0000000100000000)
  region size 1024K, 7 young (7168K), 7 survivors (7168K)
 Metaspace       used 102085K, committed 102784K, reserved 1138688K
  class space    used 13848K, committed 14208K, reserved 1048576K
}
Event: 18.943 GC heap before
{Heap before GC invocations=42 (full 0):
 garbage-first heap   total 249856K, used 206944K [0x0000000080000000, 0x0000000100000000)
  region size 1024K, 121 young (123904K), 7 survivors (7168K)
 Metaspace       used 102813K, committed 103552K, reserved 1138688K
  class space    used 13953K, committed 14272K, reserved 1048576K
}
Event: 18.950 GC heap after
{Heap after GC invocations=43 (full 0):
 garbage-first heap   total 249856K, used 94906K [0x0000000080000000, 0x0000000100000000)
  region size 1024K, 11 young (11264K), 11 survivors (11264K)
 Metaspace       used 102813K, committed 103552K, reserved 1138688K
  class space    used 13953K, committed 14272K, reserved 1048576K
}
Event: 19.889 GC heap before
{Heap before GC invocations=43 (full 0):
 garbage-first heap   total 249856K, used 206522K [0x0000000080000000, 0x0000000100000000)
  region size 1024K, 121 young (123904K), 11 survivors (11264K)
 Metaspace       used 107920K, committed 108672K, reserved 1146880K
  class space    used 14782K, committed 15104K, reserved 1048576K
}
Event: 19.906 GC heap after
{Heap after GC invocations=44 (full 0):
 garbage-first heap   total 249856K, used 116304K [0x0000000080000000, 0x0000000100000000)
  region size 1024K, 16 young (16384K), 16 survivors (16384K)
 Metaspace       used 107920K, committed 108672K, reserved 1146880K
  class space    used 14782K, committed 15104K, reserved 1048576K
}
Event: 20.579 GC heap before
{Heap before GC invocations=44 (full 0):
 garbage-first heap   total 249856K, used 199248K [0x0000000080000000, 0x0000000100000000)
  region size 1024K, 98 young (100352K), 16 survivors (16384K)
 Metaspace       used 110975K, committed 111744K, reserved 1146880K
  class space    used 15397K, committed 15744K, reserved 1048576K
}
Event: 20.596 GC heap after
{Heap after GC invocations=45 (full 0):
 garbage-first heap   total 249856K, used 130048K [0x0000000080000000, 0x0000000100000000)
  region size 1024K, 13 young (13312K), 13 survivors (13312K)
 Metaspace       used 110975K, committed 111744K, reserved 1146880K
  class space    used 15397K, committed 15744K, reserved 1048576K
}
Event: 20.746 GC heap before
{Heap before GC invocations=45 (full 0):
 garbage-first heap   total 249856K, used 199680K [0x0000000080000000, 0x0000000100000000)
  region size 1024K, 81 young (82944K), 13 survivors (13312K)
 Metaspace       used 111779K, committed 112576K, reserved 1146880K
  class space    used 15497K, committed 15872K, reserved 1048576K
}
Event: 20.760 GC heap after
{Heap after GC invocations=46 (full 0):
 garbage-first heap   total 249856K, used 142938K [0x0000000080000000, 0x0000000100000000)
  region size 1024K, 11 young (11264K), 11 survivors (11264K)
 Metaspace       used 111779K, committed 112576K, reserved 1146880K
  class space    used 15497K, committed 15872K, reserved 1048576K
}
Event: 21.357 GC heap before
{Heap before GC invocations=46 (full 0):
 garbage-first heap   total 249856K, used 200282K [0x0000000080000000, 0x0000000100000000)
  region size 1024K, 68 young (69632K), 11 survivors (11264K)
 Metaspace       used 115575K, committed 116352K, reserved 1155072K
  class space    used 16479K, committed 16832K, reserved 1048576K
}
Event: 21.368 GC heap after
{Heap after GC invocations=47 (full 0):
 garbage-first heap   total 249856K, used 152047K [0x0000000080000000, 0x0000000100000000)
  region size 1024K, 8 young (8192K), 8 survivors (8192K)
 Metaspace       used 115575K, committed 116352K, reserved 1155072K
  class space    used 16479K, committed 16832K, reserved 1048576K
}
Event: 21.483 GC heap before
{Heap before GC invocations=47 (full 0):
 garbage-first heap   total 249856K, used 203247K [0x0000000080000000, 0x0000000100000000)
  region size 1024K, 58 young (59392K), 8 survivors (8192K)
 Metaspace       used 116127K, committed 116928K, reserved 1155072K
  class space    used 16606K, committed 16960K, reserved 1048576K
}
Event: 21.493 GC heap after
{Heap after GC invocations=48 (full 0):
 garbage-first heap   total 249856K, used 160278K [0x0000000080000000, 0x0000000100000000)
  region size 1024K, 8 young (8192K), 8 survivors (8192K)
 Metaspace       used 116127K, committed 116928K, reserved 1155072K
  class space    used 16606K, committed 16960K, reserved 1048576K
}
Event: 21.587 GC heap before
{Heap before GC invocations=48 (full 0):
 garbage-first heap   total 249856K, used 205334K [0x0000000080000000, 0x0000000100000000)
  region size 1024K, 52 young (53248K), 8 survivors (8192K)
 Metaspace       used 116543K, committed 117312K, reserved 1155072K
  class space    used 16690K, committed 17024K, reserved 1048576K
}
Event: 21.598 GC heap after
{Heap after GC invocations=49 (full 0):
 garbage-first heap   total 249856K, used 168432K [0x0000000080000000, 0x0000000100000000)
  region size 1024K, 7 young (7168K), 7 survivors (7168K)
 Metaspace       used 116543K, committed 117312K, reserved 1155072K
  class space    used 16690K, committed 17024K, reserved 1048576K
}
Event: 21.708 GC heap before
{Heap before GC invocations=49 (full 0):
 garbage-first heap   total 249856K, used 207344K [0x0000000080000000, 0x0000000100000000)
  region size 1024K, 45 young (46080K), 7 survivors (7168K)
 Metaspace       used 117175K, committed 117952K, reserved 1155072K
  class space    used 16842K, committed 17216K, reserved 1048576K
}

